# JRE version: 6.0_32-b32
# Java VM: OpenJDK 64-Bit Server VM (23.25-b01 mixed mode linux-amd64 compressed oops)
Heap
 PSYoungGen      total 7168K, used 513K [0x00000000ebc00000, 0x00000000ec480000, 0x0000000100000000)
  eden space 7040K, 5% used [0x00000000ebc00000,0x00000000ebc60610,0x00000000ec2e0000)
  from space 128K, 100% used [0x00000000ec2f0000,0x00000000ec310000,0x00000000ec310000)
  to   space 832K, 0% used [0x00000000ec3b0000,0x00000000ec3b0000,0x00000000ec480000)
 ParOldGen       total 41472K, used 6122K [0x00000000c3400000, 0x00000000c5c80000, 0x00000000ebc00000)
  object space 41472K, 14% used [0x00000000c3400000,0x00000000c39fa8f0,0x00000000c5c80000)
 PSPermGen       total 32448K, used 23862K [0x00000000b8e00000, 0x00000000badb0000, 0x00000000c3400000)
  object space 32448K, 73% used [0x00000000b8e00000,0x00000000ba54d9f8,0x00000000badb0000)
GC Heap History (10 events):
Event: 3354.329 GC heap before
{Heap before GC invocations=68 (full 11):
 PSYoungGen      total 8320K, used 7744K [0x00000000ebc00000, 0x00000000ec530000, 0x0000000100000000)
  eden space 7360K, 100% used [0x00000000ebc00000,0x00000000ec330000,0x00000000ec330000)
  from space 960K, 40% used [0x00000000ec440000,0x00000000ec4a0000,0x00000000ec530000)
  to   space 1024K, 0% used [0x00000000ec330000,0x00000000ec330000,0x00000000ec430000)
 ParOldGen       total 41472K, used 5722K [0x00000000c3400000, 0x00000000c5c80000, 0x00000000ebc00000)
  object space 41472K, 13% used [0x00000000c3400000,0x00000000c3996980,0x00000000c5c80000)
 PSPermGen       total 32448K, used 23858K [0x00000000b8e00000, 0x00000000badb0000, 0x00000000c3400000)
  object space 32448K, 73% used [0x00000000b8e00000,0x00000000ba54ca38,0x00000000badb0000)
Event: 3354.331 GC heap after
Heap after GC invocations=68 (full 11):
 PSYoungGen      total 7360K, used 64K [0x00000000ebc00000, 0x00000000ec500000, 0x0000000100000000)
  eden space 7296K, 0% used [0x00000000ebc00000,0x00000000ebc00000,0x00000000ec320000)
  from space 64K, 100% used [0x00000000ec330000,0x00000000ec340000,0x00000000ec340000)
  to   space 960K, 0% used [0x00000000ec410000,0x00000000ec410000,0x00000000ec500000)
 ParOldGen       total 41472K, used 6058K [0x00000000c3400000, 0x00000000c5c80000, 0x00000000ebc00000)
  object space 41472K, 14% used [0x00000000c3400000,0x00000000c39ea8f0,0x00000000c5c80000)
 PSPermGen       total 32448K, used 23858K [0x00000000b8e00000, 0x00000000badb0000, 0x00000000c3400000)
  object space 32448K, 73% used [0x00000000b8e00000,0x00000000ba54ca38,0x00000000badb0000)
}
Event: 3398.342 GC heap before
{Heap before GC invocations=69 (full 11):
 PSYoungGen      total 7360K, used 7360K [0x00000000ebc00000, 0x00000000ec500000, 0x0000000100000000)
  eden space 7296K, 100% used [0x00000000ebc00000,0x00000000ec320000,0x00000000ec320000)
  from space 64K, 100% used [0x00000000ec330000,0x00000000ec340000,0x00000000ec340000)
  to   space 960K, 0% used [0x00000000ec410000,0x00000000ec410000,0x00000000ec500000)
 ParOldGen       total 41472K, used 6058K [0x00000000c3400000, 0x00000000c5c80000, 0x00000000ebc00000)
  object space 41472K, 14% used [0x00000000c3400000,0x00000000c39ea8f0,0x00000000c5c80000)
 PSPermGen       total 32448K, used 23859K [0x00000000b8e00000, 0x00000000badb0000, 0x00000000c3400000)
  object space 32448K, 73% used [0x00000000b8e00000,0x00000000ba54cd90,0x00000000badb0000)
Event: 3398.345 GC heap after
Heap after GC invocations=69 (full 11):
 PSYoungGen      total 8128K, used 96K [0x00000000ebc00000, 0x00000000ec4f0000, 0x0000000100000000)
  eden space 7232K, 0% used [0x00000000ebc00000,0x00000000ebc00000,0x00000000ec310000)
  from space 896K, 10% used [0x00000000ec410000,0x00000000ec428000,0x00000000ec4f0000)
  to   space 960K, 0% used [0x00000000ec310000,0x00000000ec310000,0x00000000ec400000)
 ParOldGen       total 41472K, used 6066K [0x00000000c3400000, 0x00000000c5c80000, 0x00000000ebc00000)
  object space 41472K, 14% used [0x00000000c3400000,0x00000000c39ec8f0,0x00000000c5c80000)
 PSPermGen       total 32448K, used 23859K [0x00000000b8e00000, 0x00000000badb0000, 0x00000000c3400000)
  object space 32448K, 73% used [0x00000000b8e00000,0x00000000ba54cd90,0x00000000badb0000)
}
Event: 3426.146 GC heap before
{Heap before GC invocations=70 (full 11):
 PSYoungGen      total 8128K, used 7328K [0x00000000ebc00000, 0x00000000ec4f0000, 0x0000000100000000)
  eden space 7232K, 100% used [0x00000000ebc00000,0x00000000ec310000,0x00000000ec310000)
  from space 896K, 10% used [0x00000000ec410000,0x00000000ec428000,0x00000000ec4f0000)
  to   space 960K, 0% used [0x00000000ec310000,0x00000000ec310000,0x00000000ec400000)
 ParOldGen       total 41472K, used 6066K [0x00000000c3400000, 0x00000000c5c80000, 0x00000000ebc00000)
  object space 41472K, 14% used [0x00000000c3400000,0x00000000c39ec8f0,0x00000000c5c80000)
 PSPermGen       total 32448K, used 23859K [0x00000000b8e00000, 0x00000000badb0000, 0x00000000c3400000)
  object space 32448K, 73% used [0x00000000b8e00000,0x00000000ba54cd90,0x00000000badb0000)
Event: 3426.147 GC heap after
Heap after GC invocations=70 (full 11):
 PSYoungGen      total 7232K, used 64K [0x00000000ebc00000, 0x00000000ec4c0000, 0x0000000100000000)
  eden space 7168K, 0% used [0x00000000ebc00000,0x00000000ebc00000,0x00000000ec300000)
  from space 64K, 100% used [0x00000000ec310000,0x00000000ec320000,0x00000000ec320000)
  to   space 896K, 0% used [0x00000000ec3e0000,0x00000000ec3e0000,0x00000000ec4c0000)
 ParOldGen       total 41472K, used 6090K [0x00000000c3400000, 0x00000000c5c80000, 0x00000000ebc00000)
  object space 41472K, 14% used [0x00000000c3400000,0x00000000c39f28f0,0x00000000c5c80000)
 PSPermGen       total 32448K, used 23859K [0x00000000b8e00000, 0x00000000badb0000, 0x00000000c3400000)
  object space 32448K, 73% used [0x00000000b8e00000,0x00000000ba54cd90,0x00000000badb0000)
}
Event: 3493.386 GC heap before
{Heap before GC invocations=71 (full 11):
 PSYoungGen      total 7232K, used 7232K [0x00000000ebc00000, 0x00000000ec4c0000, 0x0000000100000000)
  eden space 7168K, 100% used [0x00000000ebc00000,0x00000000ec300000,0x00000000ec300000)
  from space 64K, 100% used [0x00000000ec310000,0x00000000ec320000,0x00000000ec320000)
  to   space 896K, 0% used [0x00000000ec3e0000,0x00000000ec3e0000,0x00000000ec4c0000)
 ParOldGen       total 41472K, used 6090K [0x00000000c3400000, 0x00000000c5c80000, 0x00000000ebc00000)
  object space 41472K, 14% used [0x00000000c3400000,0x00000000c39f28f0,0x00000000c5c80000)
 PSPermGen       total 32448K, used 23861K [0x00000000b8e00000, 0x00000000badb0000, 0x00000000c3400000)
  object space 32448K, 73% used [0x00000000b8e00000,0x00000000ba54d528,0x00000000badb0000)
Event: 3493.387 GC heap after
Heap after GC invocations=71 (full 11):
 PSYoungGen      total 7808K, used 96K [0x00000000ebc00000, 0x00000000ec490000, 0x0000000100000000)
  eden space 7104K, 0% used [0x00000000ebc00000,0x00000000ebc00000,0x00000000ec2f0000)
  from space 704K, 13% used [0x00000000ec3e0000,0x00000000ec3f8000,0x00000000ec490000)
  to   space 832K, 0% used [0x00000000ec2f0000,0x00000000ec2f0000,0x00000000ec3c0000)
 ParOldGen       total 41472K, used 6098K [0x00000000c3400000, 0x00000000c5c80000, 0x00000000ebc00000)
  object space 41472K, 14% used [0x00000000c3400000,0x00000000c39f48f0,0x00000000c5c80000)
 PSPermGen       total 32448K, used 23861K [0x00000000b8e00000, 0x00000000badb0000, 0x00000000c3400000)
  object space 32448K, 73% used [0x00000000b8e00000,0x00000000ba54d528,0x00000000badb0000)
}
Event: 3666.607 GC heap before
{Heap before GC invocations=72 (full 11):
 PSYoungGen      total 7808K, used 7200K [0x00000000ebc00000, 0x00000000ec490000, 0x0000000100000000)
  eden space 7104K, 100% used [0x00000000ebc00000,0x00000000ec2f0000,0x00000000ec2f0000)
  from space 704K, 13% used [0x00000000ec3e0000,0x00000000ec3f8000,0x00000000ec490000)
  to   space 832K, 0% used [0x00000000ec2f0000,0x00000000ec2f0000,0x00000000ec3c0000)
 ParOldGen       total 41472K, used 6098K [0x00000000c3400000, 0x00000000c5c80000, 0x00000000ebc00000)
  object space 41472K, 14% used [0x00000000c3400000,0x00000000c39f48f0,0x00000000c5c80000)
 PSPermGen       total 32448K, used 23862K [0x00000000b8e00000, 0x00000000badb0000, 0x00000000c3400000)
  object space 32448K, 73% used [0x00000000b8e00000,0x00000000ba54d9d8,0x00000000badb0000)
Event: 3666.609 GC heap after
Heap after GC invocations=72 (full 11):
 PSYoungGen      total 7168K, used 128K [0x00000000ebc00000, 0x00000000ec480000, 0x0000000100000000)
  eden space 7040K, 0% used [0x00000000ebc00000,0x00000000ebc00000,0x00000000ec2e0000)
  from space 128K, 100% used [0x00000000ec2f0000,0x00000000ec310000,0x00000000ec310000)
  to   space 832K, 0% used [0x00000000ec3b0000,0x00000000ec3b0000,0x00000000ec480000)
 ParOldGen       total 41472K, used 6122K [0x00000000c3400000, 0x00000000c5c80000, 0x00000000ebc00000)
  object space 41472K, 14% used [0x00000000c3400000,0x00000000c39fa8f0,0x00000000c5c80000)
 PSPermGen       total 32448K, used 23862K [0x00000000b8e00000, 0x00000000badb0000, 0x00000000c3400000)
  object space 32448K, 73% used [0x00000000b8e00000,0x00000000ba54d9d8,0x00000000badb0000)
}

