# JRE version: 6.0_32-b32
# Java VM: OpenJDK 64-Bit Server VM (23.25-b01 mixed mode linux-amd64 compressed oops)
Heap
 PSYoungGen      total 14848K, used 4306K [0x00000000ebc00000, 0x00000000ece60000, 0x0000000100000000)
  eden space 11648K, 35% used [0x00000000ebc00000,0x00000000ec014b58,0x00000000ec760000)
  from space 3200K, 4% used [0x00000000ecb40000,0x00000000ecb60000,0x00000000ece60000)
  to   space 3584K, 0% used [0x00000000ec760000,0x00000000ec760000,0x00000000ecae0000)
 ParOldGen       total 41472K, used 5791K [0x00000000c3400000, 0x00000000c5c80000, 0x00000000ebc00000)
  object space 41472K, 13% used [0x00000000c3400000,0x00000000c39a7c48,0x00000000c5c80000)
 PSPermGen       total 22592K, used 22489K [0x00000000b8e00000, 0x00000000ba410000, 0x00000000c3400000)
  object space 22592K, 99% used [0x00000000b8e00000,0x00000000ba3f6400,0x00000000ba410000)
GC Heap History (10 events):
Event: 4414.369 GC heap before
{Heap before GC invocations=18 (full 2):
 PSYoungGen      total 13056K, used 13024K [0x00000000ebc00000, 0x00000000ed110000, 0x0000000100000000)
  eden space 12864K, 100% used [0x00000000ebc00000,0x00000000ec890000,0x00000000ec890000)
  from space 192K, 83% used [0x00000000ec8d0000,0x00000000ec8f8000,0x00000000ec900000)
  to   space 4352K, 0% used [0x00000000eccd0000,0x00000000eccd0000,0x00000000ed110000)
 ParOldGen       total 41472K, used 5550K [0x00000000c3400000, 0x00000000c5c80000, 0x00000000ebc00000)
  object space 41472K, 13% used [0x00000000c3400000,0x00000000c396bab0,0x00000000c5c80000)
 PSPermGen       total 22592K, used 22441K [0x00000000b8e00000, 0x00000000ba410000, 0x00000000c3400000)
  object space 22592K, 99% used [0x00000000b8e00000,0x00000000ba3ea400,0x00000000ba410000)
Event: 4414.371 GC heap after
Heap after GC invocations=18 (full 2):
 PSYoungGen      total 16448K, used 160K [0x00000000ebc00000, 0x00000000ed090000, 0x0000000100000000)
  eden space 12608K, 0% used [0x00000000ebc00000,0x00000000ebc00000,0x00000000ec850000)
  from space 3840K, 4% used [0x00000000eccd0000,0x00000000eccf8000,0x00000000ed090000)
  to   space 4224K, 0% used [0x00000000ec850000,0x00000000ec850000,0x00000000ecc70000)
 ParOldGen       total 41472K, used 5566K [0x00000000c3400000, 0x00000000c5c80000, 0x00000000ebc00000)
  object space 41472K, 13% used [0x00000000c3400000,0x00000000c396fab0,0x00000000c5c80000)
 PSPermGen       total 22592K, used 22441K [0x00000000b8e00000, 0x00000000ba410000, 0x00000000c3400000)
  object space 22592K, 99% used [0x00000000b8e00000,0x00000000ba3ea400,0x00000000ba410000)
}
Event: 4602.911 GC heap before
{Heap before GC invocations=19 (full 2):
 PSYoungGen      total 16448K, used 12768K [0x00000000ebc00000, 0x00000000ed090000, 0x0000000100000000)
  eden space 12608K, 100% used [0x00000000ebc00000,0x00000000ec850000,0x00000000ec850000)
  from space 3840K, 4% used [0x00000000eccd0000,0x00000000eccf8000,0x00000000ed090000)
  to   space 4224K, 0% used [0x00000000ec850000,0x00000000ec850000,0x00000000ecc70000)
 ParOldGen       total 41472K, used 5566K [0x00000000c3400000, 0x00000000c5c80000, 0x00000000ebc00000)
  object space 41472K, 13% used [0x00000000c3400000,0x00000000c396fab0,0x00000000c5c80000)
 PSPermGen       total 22592K, used 22457K [0x00000000b8e00000, 0x00000000ba410000, 0x00000000c3400000)
  object space 22592K, 99% used [0x00000000b8e00000,0x00000000ba3ee5f0,0x00000000ba410000)
Event: 4602.912 GC heap after
Heap after GC invocations=19 (full 2):
 PSYoungGen      total 12480K, used 96K [0x00000000ebc00000, 0x00000000ed010000, 0x0000000100000000)
  eden space 12352K, 0% used [0x00000000ebc00000,0x00000000ebc00000,0x00000000ec810000)
  from space 128K, 75% used [0x00000000ec850000,0x00000000ec868000,0x00000000ec870000)
  to   space 4096K, 0% used [0x00000000ecc10000,0x00000000ecc10000,0x00000000ed010000)
 ParOldGen       total 41472K, used 5582K [0x00000000c3400000, 0x00000000c5c80000, 0x00000000ebc00000)
  object space 41472K, 13% used [0x00000000c3400000,0x00000000c3973ab0,0x00000000c5c80000)
 PSPermGen       total 22592K, used 22457K [0x00000000b8e00000, 0x00000000ba410000, 0x00000000c3400000)
  object space 22592K, 99% used [0x00000000b8e00000,0x00000000ba3ee5f0,0x00000000ba410000)
}
Event: 4690.622 GC heap before
{Heap before GC invocations=20 (full 2):
 PSYoungGen      total 12480K, used 12448K [0x00000000ebc00000, 0x00000000ed010000, 0x0000000100000000)
  eden space 12352K, 100% used [0x00000000ebc00000,0x00000000ec810000,0x00000000ec810000)
  from space 128K, 75% used [0x00000000ec850000,0x00000000ec868000,0x00000000ec870000)
  to   space 4096K, 0% used [0x00000000ecc10000,0x00000000ecc10000,0x00000000ed010000)
 ParOldGen       total 41472K, used 5582K [0x00000000c3400000, 0x00000000c5c80000, 0x00000000ebc00000)
  object space 41472K, 13% used [0x00000000c3400000,0x00000000c3973ab0,0x00000000c5c80000)
 PSPermGen       total 22592K, used 22475K [0x00000000b8e00000, 0x00000000ba410000, 0x00000000c3400000)
  object space 22592K, 99% used [0x00000000b8e00000,0x00000000ba3f2e70,0x00000000ba410000)
Event: 4690.625 GC heap after
Heap after GC invocations=20 (full 2):
 PSYoungGen      total 15552K, used 256K [0x00000000ebc00000, 0x00000000ecf70000, 0x0000000100000000)
  eden space 12096K, 0% used [0x00000000ebc00000,0x00000000ebc00000,0x00000000ec7d0000)
  from space 3456K, 7% used [0x00000000ecc10000,0x00000000ecc50000,0x00000000ecf70000)
  to   space 3904K, 0% used [0x00000000ec7d0000,0x00000000ec7d0000,0x00000000ecba0000)
 ParOldGen       total 41472K, used 5606K [0x00000000c3400000, 0x00000000c5c80000, 0x00000000ebc00000)
  object space 41472K, 13% used [0x00000000c3400000,0x00000000c3979ab0,0x00000000c5c80000)
 PSPermGen       total 22592K, used 22475K [0x00000000b8e00000, 0x00000000ba410000, 0x00000000c3400000)
  object space 22592K, 99% used [0x00000000b8e00000,0x00000000ba3f2e70,0x00000000ba410000)
}
Event: 4868.584 GC heap before
{Heap before GC invocations=21 (full 2):
 PSYoungGen      total 15552K, used 12352K [0x00000000ebc00000, 0x00000000ecf70000, 0x0000000100000000)
  eden space 12096K, 100% used [0x00000000ebc00000,0x00000000ec7d0000,0x00000000ec7d0000)
  from space 3456K, 7% used [0x00000000ecc10000,0x00000000ecc50000,0x00000000ecf70000)
  to   space 3904K, 0% used [0x00000000ec7d0000,0x00000000ec7d0000,0x00000000ecba0000)
 ParOldGen       total 41472K, used 5606K [0x00000000c3400000, 0x00000000c5c80000, 0x00000000ebc00000)
  object space 41472K, 13% used [0x00000000c3400000,0x00000000c3979ab0,0x00000000c5c80000)
 PSPermGen       total 22592K, used 22480K [0x00000000b8e00000, 0x00000000ba410000, 0x00000000c3400000)
  object space 22592K, 99% used [0x00000000b8e00000,0x00000000ba3f4270,0x00000000ba410000)
Event: 4868.587 GC heap after
Heap after GC invocations=21 (full 2):
 PSYoungGen      total 11968K, used 128K [0x00000000ebc00000, 0x00000000ecef0000, 0x0000000100000000)
  eden space 11840K, 0% used [0x00000000ebc00000,0x00000000ebc00000,0x00000000ec790000)
  from space 128K, 100% used [0x00000000ec7d0000,0x00000000ec7f0000,0x00000000ec7f0000)
  to   space 3776K, 0% used [0x00000000ecb40000,0x00000000ecb40000,0x00000000ecef0000)
 ParOldGen       total 41472K, used 5775K [0x00000000c3400000, 0x00000000c5c80000, 0x00000000ebc00000)
  object space 41472K, 13% used [0x00000000c3400000,0x00000000c39a3c48,0x00000000c5c80000)
 PSPermGen       total 22592K, used 22480K [0x00000000b8e00000, 0x00000000ba410000, 0x00000000c3400000)
  object space 22592K, 99% used [0x00000000b8e00000,0x00000000ba3f4270,0x00000000ba410000)
}
Event: 4882.240 GC heap before
{Heap before GC invocations=22 (full 2):
 PSYoungGen      total 11968K, used 11968K [0x00000000ebc00000, 0x00000000ecef0000, 0x0000000100000000)
  eden space 11840K, 100% used [0x00000000ebc00000,0x00000000ec790000,0x00000000ec790000)
  from space 128K, 100% used [0x00000000ec7d0000,0x00000000ec7f0000,0x00000000ec7f0000)
  to   space 3776K, 0% used [0x00000000ecb40000,0x00000000ecb40000,0x00000000ecef0000)
 ParOldGen       total 41472K, used 5775K [0x00000000c3400000, 0x00000000c5c80000, 0x00000000ebc00000)
  object space 41472K, 13% used [0x00000000c3400000,0x00000000c39a3c48,0x00000000c5c80000)
 PSPermGen       total 22592K, used 22485K [0x00000000b8e00000, 0x00000000ba410000, 0x00000000c3400000)
  object space 22592K, 99% used [0x00000000b8e00000,0x00000000ba3f5780,0x00000000ba410000)
Event: 4882.241 GC heap after
Heap after GC invocations=22 (full 2):
 PSYoungGen      total 14848K, used 128K [0x00000000ebc00000, 0x00000000ece60000, 0x0000000100000000)
  eden space 11648K, 0% used [0x00000000ebc00000,0x00000000ebc00000,0x00000000ec760000)
  from space 3200K, 4% used [0x00000000ecb40000,0x00000000ecb60000,0x00000000ece60000)
  to   space 3584K, 0% used [0x00000000ec760000,0x00000000ec760000,0x00000000ecae0000)
 ParOldGen       total 41472K, used 5791K [0x00000000c3400000, 0x00000000c5c80000, 0x00000000ebc00000)
  object space 41472K, 13% used [0x00000000c3400000,0x00000000c39a7c48,0x00000000c5c80000)
 PSPermGen       total 22592K, used 22485K [0x00000000b8e00000, 0x00000000ba410000, 0x00000000c3400000)
  object space 22592K, 99% used [0x00000000b8e00000,0x00000000ba3f5780,0x00000000ba410000)
}

