# JRE version: 6.0_32-b32
# Java VM: OpenJDK 64-Bit Server VM (23.25-b01 mixed mode linux-amd64 compressed oops)
Heap
 PSYoungGen      total 12160K, used 6737K [0x00000000ebc00000, 0x00000000eca80000, 0x0000000100000000)
  eden space 10112K, 65% used [0x00000000ebc00000,0x00000000ec274568,0x00000000ec5e0000)
  from space 2048K, 6% used [0x00000000ec880000,0x00000000ec8a0000,0x00000000eca80000)
  to   space 2368K, 0% used [0x00000000ec5e0000,0x00000000ec5e0000,0x00000000ec830000)
 ParOldGen       total 41472K, used 5975K [0x00000000c3400000, 0x00000000c5c80000, 0x00000000ebc00000)
  object space 41472K, 14% used [0x00000000c3400000,0x00000000c39d5d38,0x00000000c5c80000)
 PSPermGen       total 22784K, used 22638K [0x00000000b8e00000, 0x00000000ba440000, 0x00000000c3400000)
  object space 22784K, 99% used [0x00000000b8e00000,0x00000000ba41ba98,0x00000000ba440000)
GC Heap History (10 events):
Event: 763.202 GC heap before
{Heap before GC invocations=26 (full 2):
 PSYoungGen      total 11136K, used 11136K [0x00000000ebc00000, 0x00000000ecd10000, 0x0000000100000000)
  eden space 11072K, 100% used [0x00000000ebc00000,0x00000000ec6d0000,0x00000000ec6d0000)
  from space 64K, 100% used [0x00000000ec700000,0x00000000ec710000,0x00000000ec710000)
  to   space 3200K, 0% used [0x00000000ec9f0000,0x00000000ec9f0000,0x00000000ecd10000)
 ParOldGen       total 41472K, used 5903K [0x00000000c3400000, 0x00000000c5c80000, 0x00000000ebc00000)
  object space 41472K, 14% used [0x00000000c3400000,0x00000000c39c3d38,0x00000000c5c80000)
 PSPermGen       total 22784K, used 22607K [0x00000000b8e00000, 0x00000000ba440000, 0x00000000c3400000)
  object space 22784K, 99% used [0x00000000b8e00000,0x00000000ba413c50,0x00000000ba440000)
Event: 763.205 GC heap after
Heap after GC invocations=26 (full 2):
 PSYoungGen      total 13504K, used 160K [0x00000000ebc00000, 0x00000000ecc80000, 0x0000000100000000)
  eden space 10880K, 0% used [0x00000000ebc00000,0x00000000ebc00000,0x00000000ec6a0000)
  from space 2624K, 6% used [0x00000000ec9f0000,0x00000000eca18000,0x00000000ecc80000)
  to   space 3008K, 0% used [0x00000000ec6a0000,0x00000000ec6a0000,0x00000000ec990000)
 ParOldGen       total 41472K, used 5919K [0x00000000c3400000, 0x00000000c5c80000, 0x00000000ebc00000)
  object space 41472K, 14% used [0x00000000c3400000,0x00000000c39c7d38,0x00000000c5c80000)
 PSPermGen       total 22784K, used 22607K [0x00000000b8e00000, 0x00000000ba440000, 0x00000000c3400000)
  object space 22784K, 99% used [0x00000000b8e00000,0x00000000ba413c50,0x00000000ba440000)
}
Event: 791.428 GC heap before
{Heap before GC invocations=27 (full 2):
 PSYoungGen      total 13504K, used 11040K [0x00000000ebc00000, 0x00000000ecc80000, 0x0000000100000000)
  eden space 10880K, 100% used [0x00000000ebc00000,0x00000000ec6a0000,0x00000000ec6a0000)
  from space 2624K, 6% used [0x00000000ec9f0000,0x00000000eca18000,0x00000000ecc80000)
  to   space 3008K, 0% used [0x00000000ec6a0000,0x00000000ec6a0000,0x00000000ec990000)
 ParOldGen       total 41472K, used 5919K [0x00000000c3400000, 0x00000000c5c80000, 0x00000000ebc00000)
  object space 41472K, 14% used [0x00000000c3400000,0x00000000c39c7d38,0x00000000c5c80000)
 PSPermGen       total 22784K, used 22614K [0x00000000b8e00000, 0x00000000ba440000, 0x00000000c3400000)
  object space 22784K, 99% used [0x00000000b8e00000,0x00000000ba415938,0x00000000ba440000)
Event: 791.431 GC heap after
Heap after GC invocations=27 (full 2):
 PSYoungGen      total 10816K, used 128K [0x00000000ebc00000, 0x00000000ecbf0000, 0x0000000100000000)
  eden space 10688K, 0% used [0x00000000ebc00000,0x00000000ebc00000,0x00000000ec670000)
  from space 128K, 100% used [0x00000000ec6a0000,0x00000000ec6c0000,0x00000000ec6c0000)
  to   space 2816K, 0% used [0x00000000ec930000,0x00000000ec930000,0x00000000ecbf0000)
 ParOldGen       total 41472K, used 5927K [0x00000000c3400000, 0x00000000c5c80000, 0x00000000ebc00000)
  object space 41472K, 14% used [0x00000000c3400000,0x00000000c39c9d38,0x00000000c5c80000)
 PSPermGen       total 22784K, used 22614K [0x00000000b8e00000, 0x00000000ba440000, 0x00000000c3400000)
  object space 22784K, 99% used [0x00000000b8e00000,0x00000000ba415938,0x00000000ba440000)
}
Event: 806.352 GC heap before
{Heap before GC invocations=28 (full 2):
 PSYoungGen      total 10816K, used 10816K [0x00000000ebc00000, 0x00000000ecbf0000, 0x0000000100000000)
  eden space 10688K, 100% used [0x00000000ebc00000,0x00000000ec670000,0x00000000ec670000)
  from space 128K, 100% used [0x00000000ec6a0000,0x00000000ec6c0000,0x00000000ec6c0000)
  to   space 2816K, 0% used [0x00000000ec930000,0x00000000ec930000,0x00000000ecbf0000)
 ParOldGen       total 41472K, used 5927K [0x00000000c3400000, 0x00000000c5c80000, 0x00000000ebc00000)
  object space 41472K, 14% used [0x00000000c3400000,0x00000000c39c9d38,0x00000000c5c80000)
 PSPermGen       total 22784K, used 22618K [0x00000000b8e00000, 0x00000000ba440000, 0x00000000c3400000)
  object space 22784K, 99% used [0x00000000b8e00000,0x00000000ba416bf0,0x00000000ba440000)
Event: 806.354 GC heap after
Heap after GC invocations=28 (full 2):
 PSYoungGen      total 12864K, used 160K [0x00000000ebc00000, 0x00000000ecb80000, 0x0000000100000000)
  eden space 10496K, 0% used [0x00000000ebc00000,0x00000000ebc00000,0x00000000ec640000)
  from space 2368K, 6% used [0x00000000ec930000,0x00000000ec958000,0x00000000ecb80000)
  to   space 2688K, 0% used [0x00000000ec640000,0x00000000ec640000,0x00000000ec8e0000)
 ParOldGen       total 41472K, used 5943K [0x00000000c3400000, 0x00000000c5c80000, 0x00000000ebc00000)
  object space 41472K, 14% used [0x00000000c3400000,0x00000000c39cdd38,0x00000000c5c80000)
 PSPermGen       total 22784K, used 22618K [0x00000000b8e00000, 0x00000000ba440000, 0x00000000c3400000)
  object space 22784K, 99% used [0x00000000b8e00000,0x00000000ba416bf0,0x00000000ba440000)
}
Event: 854.439 GC heap before
{Heap before GC invocations=29 (full 2):
 PSYoungGen      total 12864K, used 10656K [0x00000000ebc00000, 0x00000000ecb80000, 0x0000000100000000)
  eden space 10496K, 100% used [0x00000000ebc00000,0x00000000ec640000,0x00000000ec640000)
  from space 2368K, 6% used [0x00000000ec930000,0x00000000ec958000,0x00000000ecb80000)
  to   space 2688K, 0% used [0x00000000ec640000,0x00000000ec640000,0x00000000ec8e0000)
 ParOldGen       total 41472K, used 5943K [0x00000000c3400000, 0x00000000c5c80000, 0x00000000ebc00000)
  object space 41472K, 14% used [0x00000000c3400000,0x00000000c39cdd38,0x00000000c5c80000)
 PSPermGen       total 22784K, used 22623K [0x00000000b8e00000, 0x00000000ba440000, 0x00000000c3400000)
  object space 22784K, 99% used [0x00000000b8e00000,0x00000000ba417c58,0x00000000ba440000)
Event: 854.441 GC heap after
Heap after GC invocations=29 (full 2):
 PSYoungGen      total 10432K, used 96K [0x00000000ebc00000, 0x00000000ecaf0000, 0x0000000100000000)
  eden space 10304K, 0% used [0x00000000ebc00000,0x00000000ebc00000,0x00000000ec610000)
  from space 128K, 75% used [0x00000000ec640000,0x00000000ec658000,0x00000000ec660000)
  to   space 2496K, 0% used [0x00000000ec880000,0x00000000ec880000,0x00000000ecaf0000)
 ParOldGen       total 41472K, used 5959K [0x00000000c3400000, 0x00000000c5c80000, 0x00000000ebc00000)
  object space 41472K, 14% used [0x00000000c3400000,0x00000000c39d1d38,0x00000000c5c80000)
 PSPermGen       total 22784K, used 22623K [0x00000000b8e00000, 0x00000000ba440000, 0x00000000c3400000)
  object space 22784K, 99% used [0x00000000b8e00000,0x00000000ba417c58,0x00000000ba440000)
}
Event: 874.951 GC heap before
{Heap before GC invocations=30 (full 2):
 PSYoungGen      total 10432K, used 10400K [0x00000000ebc00000, 0x00000000ecaf0000, 0x0000000100000000)
  eden space 10304K, 100% used [0x00000000ebc00000,0x00000000ec610000,0x00000000ec610000)
  from space 128K, 75% used [0x00000000ec640000,0x00000000ec658000,0x00000000ec660000)
  to   space 2496K, 0% used [0x00000000ec880000,0x00000000ec880000,0x00000000ecaf0000)
 ParOldGen       total 41472K, used 5959K [0x00000000c3400000, 0x00000000c5c80000, 0x00000000ebc00000)
  object space 41472K, 14% used [0x00000000c3400000,0x00000000c39d1d38,0x00000000c5c80000)
 PSPermGen       total 22784K, used 22633K [0x00000000b8e00000, 0x00000000ba440000, 0x00000000c3400000)
  object space 22784K, 99% used [0x00000000b8e00000,0x00000000ba41a660,0x00000000ba440000)
Event: 874.952 GC heap after
Heap after GC invocations=30 (full 2):
 PSYoungGen      total 12160K, used 128K [0x00000000ebc00000, 0x00000000eca80000, 0x0000000100000000)
  eden space 10112K, 0% used [0x00000000ebc00000,0x00000000ebc00000,0x00000000ec5e0000)
  from space 2048K, 6% used [0x00000000ec880000,0x00000000ec8a0000,0x00000000eca80000)
  to   space 2368K, 0% used [0x00000000ec5e0000,0x00000000ec5e0000,0x00000000ec830000)
 ParOldGen       total 41472K, used 5975K [0x00000000c3400000, 0x00000000c5c80000, 0x00000000ebc00000)
  object space 41472K, 14% used [0x00000000c3400000,0x00000000c39d5d38,0x00000000c5c80000)
 PSPermGen       total 22784K, used 22633K [0x00000000b8e00000, 0x00000000ba440000, 0x00000000c3400000)
  object space 22784K, 99% used [0x00000000b8e00000,0x00000000ba41a660,0x00000000ba440000)
}

